2026-03-18 22:17:19,410 [     39]   INFO - #c.i.p.i.b.AppStarter - ------------------------------------------------------ IDE STARTED ------------------------------------------------------
2026-03-18 22:17:19,484 [    113]   INFO - #c.i.u.i.PageCacheUtils - File page caching params:
2026-03-18 22:17:19,485 [    114]   INFO - #c.i.u.i.PageCacheUtils - 	DEFAULT_PAGE_SIZE: 10485760
2026-03-18 22:17:19,485 [    114]   INFO - #c.i.u.i.PageCacheUtils - 	Direct memory to use, max: 2126512128
2026-03-18 22:17:19,485 [    114]   INFO - #c.i.u.i.PageCacheUtils - 	FilePageCache: regular + lock-free (LOCK_FREE_PAGE_CACHE_ENABLED:true)
2026-03-18 22:17:19,488 [    117]   INFO - #c.i.u.i.PageCacheUtils - 	NEW_PAGE_CACHE_MEMORY_FRACTION: 0.20000000298023224
2026-03-18 22:17:19,488 [    117]   INFO - #c.i.u.i.PageCacheUtils - 	Regular FilePageCache: 503316478 bytes
2026-03-18 22:17:19,488 [    117]   INFO - #c.i.u.i.PageCacheUtils - 	New     FilePageCache: 125829122 bytes (+ up to 10.0% overflow)
2026-03-18 22:17:19,488 [    117]   INFO - #c.i.u.i.PageCacheUtils - 	DirectByteBuffers pool: 104857600 bytes
2026-03-18 22:17:19,530 [    159]   INFO - #c.i.p.i.b.AppStarter - JNA library (64-bit) loaded in 106 ms
2026-03-18 22:17:19,535 [    164]   INFO - #c.i.p.i.b.AppStarter - IDE: IntelliJ IDEA (build #IC-233.11799.241, Sat, 2 Dec 2023 05:05:00 GMT)
2026-03-18 22:17:19,536 [    165]   INFO - #c.i.p.i.b.AppStarter - OS: Windows (11.0)
2026-03-18 22:17:19,536 [    165]   INFO - #c.i.p.i.b.AppStarter - JRE: 17.0.9+7-b1087.7, amd64 (JetBrains s.r.o.)
2026-03-18 22:17:19,536 [    165]   INFO - #c.i.p.i.b.AppStarter - JVM: 17.0.9+7-b1087.7 (OpenJDK 64-Bit Server VM)
2026-03-18 22:17:19,541 [    170]   INFO - #c.i.p.i.b.AppStarter - PID: 34556
2026-03-18 22:17:19,542 [    171]   INFO - #c.i.p.i.b.AppStarter - JVM options: [-Daether.connector.resumeDownloads=false, -Didea.auto.reload.plugins=true, -Didea.classpath.index.enabled=false, -Didea.config.path=C:\temp\git\intellij-property\build\idea-sandbox\config, -Didea.is.internal=true, -Didea.log.path=C:\temp\git\intellij-property\build\idea-sandbox\system\log, -Didea.paths.selector=IdeaIC2023.3, -Didea.platform.prefix=Idea, -Didea.plugin.in.sandbox.mode=true, -Didea.plugins.path=C:\temp\git\intellij-property\build\idea-sandbox\plugins, -Didea.required.plugins.id=org.cakk.propertytool, -Didea.system.path=C:\temp\git\intellij-property\build\idea-sandbox\system, -Didea.vendor.name=JetBrains, -Dintellij.platform.runtime.repository.path=C:\Users\coolp\.gradle\caches\modules-2\files-2.1\com.jetbrains.intellij.idea\ideaIC\2023.3\6105b81c6142f62379ad6c5afb542c77350a71eb\ideaIC-2023.3/modules/module-descriptors.jar, -Djava.system.class.loader=com.intellij.util.lang.PathClassLoader, -Djbr.catch.SIGABRT=true, -Djdk.attach.allowAttachSelf=true, -Djdk.http.auth.tunneling.disabledSchemes=, -Djdk.module.illegalAccess.silent=true, -Djna.boot.library.path=C:\Users\coolp\.gradle\caches\modules-2\files-2.1\com.jetbrains.intellij.idea\ideaIC\2023.3\6105b81c6142f62379ad6c5afb542c77350a71eb\ideaIC-2023.3/lib/jna/amd64, -Djna.noclasspath=true, -Djna.nosys=true, -Dpty4j.preferred.native.folder=C:\Users\coolp\.gradle\caches\modules-2\files-2.1\com.jetbrains.intellij.idea\ideaIC\2023.3\6105b81c6142f62379ad6c5afb542c77350a71eb\ideaIC-2023.3/lib/pty4j, -Dsplash=true, -Dsun.io.useCanonCaches=false, -Dsun.java2d.metal=true, -XX:ReservedCodeCacheSize=512m, -XX:+UseG1GC, -XX:SoftRefLRUPolicyMSPerMB=50, -XX:CICompilerCount=2, -XX:+HeapDumpOnOutOfMemoryError, -XX:-OmitStackTraceInFastThrow, -XX:+IgnoreUnrecognizedVMOptions, -XX:CompileCommand=exclude,com/intellij/openapi/vfs/impl/FilePartNodeRoot,trieDescend, -javaagent:C:\temp\git\intellij-property\build\tmp\initializeIntelliJPlugin\coroutines-javaagent.jar, --add-opens=java.base/java.io=ALL-UNNAMED, --add-opens=java.base/java.lang=ALL-UNNAMED, --add-opens=java.base/java.lang.ref=ALL-UNNAMED, --add-opens=java.base/java.lang.reflect=ALL-UNNAMED, --add-opens=java.base/java.net=ALL-UNNAMED, --add-opens=java.base/java.nio=ALL-UNNAMED, --add-opens=java.base/java.nio.charset=ALL-UNNAMED, --add-opens=java.base/java.text=ALL-UNNAMED, --add-opens=java.base/java.time=ALL-UNNAMED, --add-opens=java.base/java.util=ALL-UNNAMED, --add-opens=java.base/java.util.concurrent=ALL-UNNAMED, --add-opens=java.base/java.util.concurrent.atomic=ALL-UNNAMED, --add-opens=java.base/java.util.concurrent.locks=ALL-UNNAMED, --add-opens=java.base/jdk.internal.vm=ALL-UNNAMED, --add-opens=java.base/sun.nio.ch=ALL-UNNAMED, --add-opens=java.base/sun.nio.fs=ALL-UNNAMED, --add-opens=java.base/sun.security.ssl=ALL-UNNAMED, --add-opens=java.base/sun.security.util=ALL-UNNAMED, --add-opens=java.base/sun.net.dns=ALL-UNNAMED, --add-opens=java.desktop/java.awt=ALL-UNNAMED, --add-opens=java.desktop/java.awt.dnd.peer=ALL-UNNAMED, --add-opens=java.desktop/java.awt.event=ALL-UNNAMED, --add-opens=java.desktop/java.awt.image=ALL-UNNAMED, --add-opens=java.desktop/java.awt.peer=ALL-UNNAMED, --add-opens=java.desktop/java.awt.font=ALL-UNNAMED, --add-opens=java.desktop/javax.swing=ALL-UNNAMED, --add-opens=java.desktop/javax.swing.plaf.basic=ALL-UNNAMED, --add-opens=java.desktop/javax.swing.text.html=ALL-UNNAMED, --add-opens=java.desktop/sun.awt.datatransfer=ALL-UNNAMED, --add-opens=java.desktop/sun.awt.image=ALL-UNNAMED, --add-opens=java.desktop/sun.awt.windows=ALL-UNNAMED, --add-opens=java.desktop/sun.awt=ALL-UNNAMED, --add-opens=java.desktop/sun.font=ALL-UNNAMED, --add-opens=java.desktop/sun.java2d=ALL-UNNAMED, --add-opens=java.desktop/sun.swing=ALL-UNNAMED, --add-opens=java.desktop/com.sun.java.swing=ALL-UNNAMED, --add-opens=jdk.attach/sun.tools.attach=ALL-UNNAMED, --add-opens=jdk.compiler/com.sun.tools.javac.api=ALL-UNNAMED, --add-opens=jdk.internal.jvmstat/sun.jvmstat.monitor=ALL-UNNAMED, --add-opens=jdk.jdi/com.sun.tools.jdi=ALL-UNNAMED, -Xms128m, -Xmx2048m, -Dfile.encoding=windows-1252, -Duser.country=CA, -Duser.language=en, -Duser.variant, -ea]
2026-03-18 22:17:19,543 [    172]   INFO - #c.i.p.i.b.AppStarter - args: traverseUI C:\temp\git\intellij-property\build\searchableOptions true
2026-03-18 22:17:19,543 [    172]   INFO - #c.i.p.i.b.AppStarter - library path: C:\Users\coolp\.gradle\caches\modules-2\files-2.1\com.jetbrains\jbre\jbr_jcef-17.0.9-windows-x64-b1087.7\extracted\jbr_jcef-17.0.9-windows-x64-b1087.7\bin;C:\WINDOWS\Sun\Java\bin;C:\WINDOWS\system32;C:\WINDOWS;C:\Program Files\Microsoft\jdk-17.0.15.6-hotspot\bin;C:\Python313\Scripts\;C:\Python313\;C:\WINDOWS\system32;C:\WINDOWS;C:\WINDOWS\System32\Wbem;C:\WINDOWS\System32\WindowsPowerShell\v1.0\;C:\WINDOWS\System32\OpenSSH\;C:\Program Files\Git\cmd;C:\ProgramData\chocolatey\bin;C:\Program Files\Docker\Docker\resources\bin;C:\Program Files\nodejs\;C:\Users\coolp\AppData\Local\Android\Sdk\platform-tools;C:\Users\coolp\AppData\Local\Android\Sdk\tools;%;C:\Users\coolp\AppData\Local\Android\Sdk\platform-tools;C:\Users\coolp\AppData\Roaming\npm;C:\Users\coolp\AppData\Local\Programs\Microsoft VS Code\bin;C:\Users\coolp\AppData\Local\Programs\cursor\resources\app\bin;.
2026-03-18 22:17:19,543 [    172]   INFO - #c.i.p.i.b.AppStarter - boot library path: C:\Users\coolp\.gradle\caches\modules-2\files-2.1\com.jetbrains\jbre\jbr_jcef-17.0.9-windows-x64-b1087.7\extracted\jbr_jcef-17.0.9-windows-x64-b1087.7\bin
2026-03-18 22:17:19,553 [    182]   INFO - #c.i.p.i.b.AppStarter - locale=en_CA JNU=Cp1252 file.encoding=windows-1252
    idea.config.path=C:\temp\git\intellij-property\build\idea-sandbox\config
    idea.system.path=C:\temp\git\intellij-property\build\idea-sandbox\system
    idea.plugins.path=C:\temp\git\intellij-property\build\idea-sandbox\plugins
    idea.log.path=C:\temp\git\intellij-property\build\idea-sandbox\system\log
2026-03-18 22:17:19,556 [    185]   INFO - #c.i.p.i.b.AppStarter - CPU cores: 16; ForkJoinPool.commonPool: java.util.concurrent.ForkJoinPool@22bac098[Running, parallelism = 16, size = 0, active = 0, running = 0, steals = 0, tasks = 0, submissions = 0]; factory: com.intellij.concurrency.IdeaForkJoinWorkerThreadFactory@4cce4fca
2026-03-18 22:17:19,560 [    189]   INFO - #c.i.i.p.PluginManager - Module intellij.sh.python is not enabled because dependency com.intellij.modules.python is not available
Module intellij.space.gateway is not enabled because dependency com.jetbrains.gateway is not available
Module intellij.space.php is not enabled because dependency com.jetbrains.php is not available
Module intellij.groovy/ant is not enabled because dependency AntSupport is not available
Module intellij.space.index is not enabled because dependency intellij.indexing.shared is not available
Module intellij.qodana.jvm.swagger is not enabled because dependency com.intellij.swagger is not available
Module intellij.qodana.python is not enabled because dependency Pythonid is not available
Module intellij.qodana.php is not enabled because dependency com.jetbrains.php is not available
Module intellij.qodana.js is not enabled because dependency JavaScript is not available
Module intellij.packageChecker.python is not enabled because dependency com.intellij.modules.python is not available
Module intellij.packageChecker.javascript is not enabled because dependency JavaScript is not available
Module intellij.packageChecker.go is not enabled because dependency org.jetbrains.plugins.go is not available
2026-03-18 22:17:19,582 [    211]   INFO - #c.i.i.p.PluginManager - Loaded bundled plugins: Machine Learning Code Completion (233.11799.241), JetBrains Marketplace Licensing (233.11799.241), Perforce Helix Core (233.11799.241), com.intellij.tracing.ide (233.11799.241), Java Internationalization (233.11799.241), Shell Script (233.11799.241), HTML Tools (233.11799.241), Java Stream Debugger (233.11799.241), Emoji Picker (233.11799.241), TextMate Bundles (233.11799.241), Qodana (233.11799.241), Terminal (233.11799.241), Grazie Lite (233.11799.241), JetBrains Repository Search (233.11799.241), Settings Sync (233.11799.241), Gradle-Java-Analysis (233.11799.241), IDEA CORE (233.11799.241), WebP Support (233.11799.241), com.intellij.dev (233.11799.241), Task Management (233.11799.241), Turbo Complete (233.11799.241), Java Bytecode Decompiler (233.11799.241), Groovy (233.11799.241), Performance Testing (233.11799.241), intellij.platform.ijent.impl (233.11799.241), EditorConfig (233.11799.241), Eclipse Interoperability (233.11799.241), NetBeans Keymap (233.11799.241), Maven server api classes (233.11799.241), Java IDE Customization (233.11799.241), JetBrains maven model api classes (233.11799.241), Kotlin (233.11799.241-IJ), Gradle Dependency Updater Implementation (233.11799.241), Bytecode Viewer (233.11799.241), Machine Learning in Search Everywhere (233.11799.241), Images (233.11799.241), Mercurial (233.11799.241), Maven (233.11799.241), Eclipse Keymap (233.11799.241), Configuration Script (233.11799.241), Space (233.11799.241), GitHub (233.11799.241), JUnit (233.11799.241), UI Designer (233.11799.241), IDE Features Trainer (233.11799.241), Shared Indexes (233.11799.241), Properties (233.11799.241), Subversion (233.11799.241), Git (233.11799.241), Java (233.11799.241), TestNG (233.11799.241), Gradle-Maven (233.11799.241), GitLab (233.11799.241), Visual Studio Keymap (233.11799.241), IntelliLang (233.11799.241), Toml (233.11799.241), Code With Me (233.11799.241), YAML (233.11799.241), Code Coverage for Java (233.11799.241), Markdown (233.11799.241), JavaFX (233.11799.241), Async Profiler for IDE Performance Testing (233.11799.241), Copyright (233.11799.241), Gradle-Java (233.11799.241), Gradle (233.11799.241), Package Checker (233.11799.241), Gradle DSL API (233.11799.241)
2026-03-18 22:17:19,583 [    212]   INFO - #c.i.i.p.PluginManager - Loaded custom plugins: Property Tool (1.0)
2026-03-18 22:17:19,789 [    418]   INFO - #c.i.o.v.n.p.FSRecords - VFS health-check enabled: first after 600000 ms, and each following 43200000 ms
2026-03-18 22:17:19,841 [    470]   INFO - #c.i.u.s.JBUIScale - System scale factor: 1.0 (IDE-managed HiDPI)
2026-03-18 22:17:19,913 [    542]   INFO - #c.i.a.o.PathMacrosImpl - Loaded path macros: {MAVEN_REPOSITORY=C:\Users\coolp\.m2\repository}
2026-03-18 22:17:19,930 [    559]   WARN - #c.i.s.ComponentManagerImpl - `preload=true` must be used only for core services (service=com.jetbrains.rdserver.statistics.BackendStatisticsManager, plugin=com.jetbrains.codeWithMe)
2026-03-18 22:17:19,944 [    573]   INFO - #c.i.i.p.ExpiredPluginsState - Plugins to skip: []
2026-03-18 22:17:20,133 [    762]   INFO - #c.i.o.v.n.p.PersistentFSLoader - VFS uses 'fast' names enumerator (over mmapped file)
2026-03-18 22:17:20,134 [    763]   INFO - #c.i.o.v.n.p.PersistentFSLoader - VFS uses content storage over new FilePageCache
2026-03-18 22:17:20,134 [    763]   INFO - #c.j.r.p.c.C.I.b.Q - Start Wire Storage check: Check Wire Buffer Size
2026-03-18 22:17:20,135 [    764]   INFO - #c.i.o.v.n.p.PersistentFSLoader - VFS uses streamlined attributes storage (over mmapped file)
2026-03-18 22:17:20,150 [    779]   INFO - #c.i.o.v.n.p.PersistentFSLoader - VFS uses content hash storage over mmapped file
2026-03-18 22:17:20,416 [   1045]   INFO - #c.i.u.n.s.CertificateManager - Default SSL context initialized
2026-03-18 22:17:20,474 [   1103]   INFO - #o.j.i.BuiltInServerManager - built-in server started, port 63343
2026-03-18 22:17:20,533 [   1162]   INFO - #c.i.o.v.n.p.PersistentFSLoader - VFS: impl (expected) version=846656, 0 file records, 0 content blobs
2026-03-18 22:17:20,555 [   1184]   INFO - #c.i.o.v.n.p.FSRecordsImpl - VFS initialized: 451 ms, 0 failed attempts, 0 error(s) were recovered
2026-03-18 22:17:20,560 [   1189]   INFO - #c.i.o.v.n.p.FSRecordsImpl - VFS scanned: file-by-name index was populated
2026-03-18 22:17:20,611 [   1240]   WARN - #c.i.s.ComponentManagerImpl - com.intellij.psi.search.FilenameIndex initializer requests com.intellij.ide.plugins.PluginUtil instance
2026-03-18 22:17:20,617 [   1246]   INFO - #c.i.o.v.i.l.NativeFileWatcherImpl - Native file watcher is disabled
2026-03-18 22:17:20,823 [   1452]   INFO - #c.i.i.s.p.i.SharedIndexMainZipStorage - Shared Indexes Storage is opened and empty
2026-03-18 22:17:21,688 [   2317]   INFO - #c.i.u.i.FileBasedIndexImpl - Indices to be built:HtmlTagIdIndex(v = 3),org.jetbrains.kotlin.idea.versions.KotlinJvmMetadataVersionIndex(v = 5),javafx.id.name(v = 3),TodoIndex(v = 13),Trigram.Index(v = 4),com.intellij.uiDesigner.FormClassIndex(v = 0),XmlTagNames(v = 1),org.jetbrains.kotlin.idea.vfilefinder.KotlinShortClassNameFileIndex(v = 3),html5.custom.attributes.index(v = 1),java.binary.plus.expression(v = 4),org.jetbrains.kotlin.idea.vfilefinder.KotlinJvmModuleAnnotationsIndex(v = 1),IdIndex(v = 22),json.file.root.values(v = 5),org.jetbrains.kotlin.idea.vfilefinder.KotlinMetadataFilePackageIndex(v = 2),yaml.keys.name(v = 1),java.fun.expression(v = 6),org.jetbrains.kotlin.idea.vfilefinder.KotlinJavaScriptMetaFileIndex(v = 4),DomFileIndex(v = 0),org.jetbrains.kotlin.idea.vfilefinder.KotlinBuiltInsMetadataIndex(v = 4),filetypes(v = 4096),javafx.custom.component(v = 2),fileIncludes(v = 6),RelaxSymbolIndex(v = 0),org.jetbrains.kotlin.idea.vfilefinder.KlibMetaFileIndex(v = 4),org.jetbrains.kotlin.idea.vfilefinder.KotlinPackageSourcesMemberNamesIndex(v = 2),xmlProperties(v = 2),org.jetbrains.kotlin.idea.vfilefinder.KotlinModuleMappingIndex(v = 5),FilenameIndex(v = 258),XmlNamespaces(v = 8),FrameworkDetectionIndex(v = 65536),bytecodeAnalysis(v = 11),java.null.method.argument(v = 1),org.jetbrains.kotlin.idea.versions.KotlinJsMetadataVersionIndex(v = 3),SchemaTypeInheritance(v = 2),org.jetbrains.kotlin.idea.base.indices.names.KotlinTopLevelClassLikeDeclarationByPackageShortNameIndex(v = 3),org.jetbrains.kotlin.idea.vfilefinder.KotlinPartialPackageNamesIndex(v = 5),org.jetbrains.kotlin.idea.vfilefinder.KotlinClassFileIndex(v = 3),java.source.module.name(v = 4),org.jetbrains.kotlin.idea.vfilefinder.KotlinMetadataFileIndex(v = 2),org.jetbrains.kotlin.idea.vfilefinder.KotlinStdlibIndex(v = 1),java.auto.module.name(v = 6),Stubs(v = 46),org.jetbrains.kotlin.idea.base.indices.names.KotlinTopLevelCallableByPackageShortNameIndex(v = 3),JavaFxControllerClassIndex(v = 1),editorconfig.index.name(v = 5)
2026-03-18 22:17:21,702 [   2331]   INFO - #c.i.u.i.FileBasedIndexImpl - Using nice flusher for indexes
2026-03-18 22:17:21,716 [   2345]   INFO - #c.i.u.i.IndexDataInitializer - Index data initialization done: 1109 ms. Initialized indexes: [FilenameIndex, filetypes, RelaxSymbolIndex, json.file.root.values, DomFileIndex, XmlNamespaces, Trigram.Index, XmlTagNames, SchemaTypeInheritance, editorconfig.index.name, html5.custom.attributes.index, yaml.keys.name, java.auto.module.name, fileIncludes, TodoIndex, FrameworkDetectionIndex, java.source.module.name, IdIndex, xmlProperties, HtmlTagIdIndex, JavaFxControllerClassIndex, java.fun.expression, bytecodeAnalysis, java.null.method.argument, java.binary.plus.expression, javafx.id.name, javafx.custom.component, org.jetbrains.kotlin.idea.versions.KotlinJvmMetadataVersionIndex, org.jetbrains.kotlin.idea.versions.KotlinJsMetadataVersionIndex, org.jetbrains.kotlin.idea.vfilefinder.KotlinPartialPackageNamesIndex, org.jetbrains.kotlin.idea.vfilefinder.KotlinMetadataFilePackageIndex, org.jetbrains.kotlin.idea.vfilefinder.KotlinClassFileIndex, org.jetbrains.kotlin.idea.vfilefinder.KotlinJavaScriptMetaFileIndex, org.jetbrains.kotlin.idea.vfilefinder.KotlinMetadataFileIndex, org.jetbrains.kotlin.idea.vfilefinder.KotlinPackageSourcesMemberNamesIndex, org.jetbrains.kotlin.idea.vfilefinder.KotlinJvmModuleAnnotationsIndex, org.jetbrains.kotlin.idea.vfilefinder.KotlinModuleMappingIndex, org.jetbrains.kotlin.idea.vfilefinder.KotlinBuiltInsMetadataIndex, org.jetbrains.kotlin.idea.vfilefinder.KotlinStdlibIndex, org.jetbrains.kotlin.idea.vfilefinder.KotlinShortClassNameFileIndex, org.jetbrains.kotlin.idea.base.indices.names.KotlinTopLevelCallableByPackageShortNameIndex, org.jetbrains.kotlin.idea.base.indices.names.KotlinTopLevelClassLikeDeclarationByPackageShortNameIndex, org.jetbrains.kotlin.idea.vfilefinder.KlibMetaFileIndex, com.intellij.uiDesigner.FormClassIndex, Stubs].
2026-03-18 22:17:21,956 [   2585]   INFO - #JetprofileSource - No valid license found
2026-03-18 22:17:21,956 [   2585]   INFO - #JetprofileSource - No valid license found
2026-03-18 22:17:21,968 [   2597] SEVERE - #c.i.o.a.i.CoroutineExceptionHandlerImpl - Unhandled exception in [CoroutineId(113), "coroutine#113":StandaloneCoroutine{Cancelling}@3c50a320, Dispatchers.Default]
java.util.ConcurrentModificationException
	at java.base/java.util.ArrayList$Itr.checkForComodification(ArrayList.java:1013)
	at java.base/java.util.ArrayList$Itr.next(ArrayList.java:967)
	at java.base/jdk.internal.reflect.GeneratedMethodAccessor11.invoke(Unknown Source)
	at java.base/jdk.internal.reflect.DelegatingMethodAccessorImpl.invoke(DelegatingMethodAccessorImpl.java:43)
	at java.base/java.lang.reflect.Method.invoke(Method.java:568)
	at com.b.I.b.b.s.b(s.java:191)
	at com.b.I.b.b.s.b(s.java:135)
	at java.base/jdk.internal.reflect.NativeMethodAccessorImpl.invoke0(Native Method)
	at java.base/jdk.internal.reflect.NativeMethodAccessorImpl.invoke(NativeMethodAccessorImpl.java:77)
	at java.base/jdk.internal.reflect.DelegatingMethodAccessorImpl.invoke(DelegatingMethodAccessorImpl.java:43)
	at java.base/java.lang.reflect.Method.invoke(Method.java:568)
	at com.b.I.b.Q.invokeSuspend(Q.java:18)
	at kotlin.coroutines.jvm.internal.BaseContinuationImpl.resumeWith(ContinuationImpl.kt:33)
	at kotlinx.coroutines.DispatchedTask.run(DispatchedTask.kt:108)
	at kotlinx.coroutines.scheduling.CoroutineScheduler.runSafely(CoroutineScheduler.kt:584)
	at kotlinx.coroutines.scheduling.CoroutineScheduler$Worker.executeTask(CoroutineScheduler.kt:793)
	at kotlinx.coroutines.scheduling.CoroutineScheduler$Worker.runWorker(CoroutineScheduler.kt:697)
	at kotlinx.coroutines.scheduling.CoroutineScheduler$Worker.run(CoroutineScheduler.kt:684)
2026-03-18 22:17:21,970 [   2599] SEVERE - #c.i.o.a.i.CoroutineExceptionHandlerImpl - IntelliJ IDEA 2023.3  Build #IC-233.11799.241
2026-03-18 22:17:21,970 [   2599] SEVERE - #c.i.o.a.i.CoroutineExceptionHandlerImpl - JDK: 17.0.9; VM: OpenJDK 64-Bit Server VM; Vendor: JetBrains s.r.o.
2026-03-18 22:17:21,971 [   2600] SEVERE - #c.i.o.a.i.CoroutineExceptionHandlerImpl - OS: Windows 11
2026-03-18 22:17:21,972 [   2601] SEVERE - #c.i.o.a.i.CoroutineExceptionHandlerImpl - Last Action: 
2026-03-18 22:17:22,010 [   2639]   INFO - STDERR - Exception in thread "DefaultDispatcher-worker-51 @coroutine#113" java.util.ConcurrentModificationException
2026-03-18 22:17:22,010 [   2639]   INFO - STDERR - 	at java.base/java.util.ArrayList$Itr.checkForComodification(ArrayList.java:1013)
2026-03-18 22:17:22,010 [   2639]   INFO - STDERR - 	at java.base/java.util.ArrayList$Itr.next(ArrayList.java:967)
2026-03-18 22:17:22,010 [   2639]   INFO - STDERR - 	at java.base/jdk.internal.reflect.GeneratedMethodAccessor11.invoke(Unknown Source)
2026-03-18 22:17:22,011 [   2640]   INFO - STDERR - 	at java.base/jdk.internal.reflect.DelegatingMethodAccessorImpl.invoke(DelegatingMethodAccessorImpl.java:43)
2026-03-18 22:17:22,011 [   2640]   INFO - STDERR - 	at java.base/java.lang.reflect.Method.invoke(Method.java:568)
2026-03-18 22:17:22,012 [   2641]   INFO - STDERR - 	at com.b.I.b.b.s.b(s.java:191)
2026-03-18 22:17:22,012 [   2641]   INFO - STDERR - 	at com.b.I.b.b.s.b(s.java:135)
2026-03-18 22:17:22,012 [   2641]   INFO - STDERR - 	at java.base/jdk.internal.reflect.NativeMethodAccessorImpl.invoke0(Native Method)
2026-03-18 22:17:22,012 [   2641]   INFO - STDERR - 	at java.base/jdk.internal.reflect.NativeMethodAccessorImpl.invoke(NativeMethodAccessorImpl.java:77)
2026-03-18 22:17:22,012 [   2641]   INFO - STDERR - 	at java.base/jdk.internal.reflect.DelegatingMethodAccessorImpl.invoke(DelegatingMethodAccessorImpl.java:43)
2026-03-18 22:17:22,014 [   2643]   INFO - STDERR - 	at java.base/java.lang.reflect.Method.invoke(Method.java:568)
2026-03-18 22:17:22,014 [   2643]   INFO - STDERR - 	at com.b.I.b.Q.invokeSuspend(Q.java:18)
2026-03-18 22:17:22,014 [   2643]   INFO - STDERR - 	at kotlin.coroutines.jvm.internal.BaseContinuationImpl.resumeWith(ContinuationImpl.kt:33)
2026-03-18 22:17:22,015 [   2644]   INFO - STDERR - 	at kotlinx.coroutines.DispatchedTask.run(DispatchedTask.kt:108)
2026-03-18 22:17:22,015 [   2644]   INFO - STDERR - 	at kotlinx.coroutines.scheduling.CoroutineScheduler.runSafely(CoroutineScheduler.kt:584)
2026-03-18 22:17:22,015 [   2644]   INFO - STDERR - 	at kotlinx.coroutines.scheduling.CoroutineScheduler$Worker.executeTask(CoroutineScheduler.kt:793)
2026-03-18 22:17:22,015 [   2644]   INFO - STDERR - 	at kotlinx.coroutines.scheduling.CoroutineScheduler$Worker.runWorker(CoroutineScheduler.kt:697)
2026-03-18 22:17:22,015 [   2644]   INFO - STDERR - 	at kotlinx.coroutines.scheduling.CoroutineScheduler$Worker.run(CoroutineScheduler.kt:684)
2026-03-18 22:17:22,015 [   2644]   INFO - STDERR - 	Suppressed: kotlinx.coroutines.internal.DiagnosticCoroutineContextException: [CoroutineId(113), "coroutine#113":StandaloneCoroutine{Cancelling}@3c50a320, Dispatchers.Default]
2026-03-18 22:17:22,379 [   3008]   WARN - #c.i.s.ComponentManagerImpl - org.zmlx.hg4idea.provider.HgChangeProvider initializer requests com.intellij.openapi.vcs.FileStatusFactory instance
2026-03-18 22:17:22,611 [   3240]   INFO - #c.i.p.s.StubIndexImpl - Following stub indices will be built:jvm.static.member.name(v = 2),markdown.header.anchor(v = 2),gr.script.fqn.s(v = 5),org.jetbrains.kotlin.idea.stubindex.KotlinExactPackagesIndex(v = 2),org.jetbrains.kotlin.idea.stubindex.KotlinTopLevelFunctionByPackageIndex(v = 2),markdown.header(v = 2),org.jetbrains.kotlin.idea.stubindex.KotlinFileFacadeFqNameIndex(v = 2),org.jetbrains.kotlin.idea.stubindex.KotlinTopLevelExtensionsByReceiverTypeIndex(v = 3),gr.class.fqn.s(v = 5),org.jetbrains.kotlin.idea.stubindex.KotlinTypeAliasByExpansionShortNameIndex(v = 2),org.jetbrains.kotlin.idea.stubindex.KotlinTopLevelPropertyByPackageIndex(v = 2),org.jetbrains.kotlin.idea.stubindex.KotlinExtensionsInObjectsByReceiverTypeIndex(v = 2),java.class.shortname(v = 4),org.jetbrains.kotlin.idea.stubindex.KotlinTopLevelTypeAliasByPackageIndex(v = 2),gr.script.class(v = 5),java.anonymous.baseref(v = 2),org.jetbrains.kotlin.idea.stubindex.KotlinClassShortNameIndex(v = 2),java.class.fqn(v = 1),kotlin.primeIndexKey(v = 2),org.jetbrains.kotlin.idea.stubindex.KotlinScriptFqnIndex(v = 2),org.jetbrains.kotlin.idea.stubindex.KotlinSubclassObjectNameIndex(v = 2),gr.annot.members(v = 5),properties.index(v = 2),org.jetbrains.kotlin.idea.stubindex.KotlinAnnotationsIndex(v = 3),java.field.name(v = 2),org.jetbrains.kotlin.idea.stubindex.KotlinProbablyContractedFunctionShortNameIndex(v = 2),org.jetbrains.kotlin.idea.stubindex.KotlinFullClassNameIndex(v = 2),dom.elementClass(v = 0),org.jetbrains.kotlin.idea.stubindex.KotlinJvmNameAnnotationIndex(v = 2),java.unnamed.class(v = 2),org.jetbrains.kotlin.idea.stubindex.KotlinFunctionShortNameIndex(v = 2),java.annotations(v = 2),org.jetbrains.kotlin.idea.stubindex.KotlinInnerTypeAliasClassIdIndex(v = 2),gr.anonymous.class(v = 6),org.jetbrains.kotlin.idea.stubindex.KotlinOverridableInternalMembersShortNameIndex(v = 2),org.jetbrains.kotlin.idea.stubindex.KotlinProbablyNothingPropertyShortNameIndex(v = 2),org.jetbrains.kotlin.idea.stubindex.KotlinTopLevelFunctionFqnNameIndex(v = 2),gr.method.name(v = 5),java.module.name(v = 4),org.jetbrains.kotlin.idea.stubindex.KotlinFilePartClassIndex(v = 2),org.jetbrains.kotlin.idea.stubindex.KotlinTypeAliasShortNameIndex(v = 2),org.jetbrains.kotlin.idea.stubindex.KotlinSuperClassIndex(v = 2),org.jetbrains.kotlin.idea.stubindex.KotlinProbablyNothingFunctionShortNameIndex(v = 2),gr.field.name(v = 5),gr.class.super(v = 5),org.jetbrains.kotlin.idea.stubindex.KotlinMultifileClassPartIndex(v = 2),jvm.static.member.type(v = 2),java.method.name(v = 2),org.jetbrains.kotlin.idea.stubindex.KotlinFileFacadeClassByPackageIndex(v = 2),java.class.extlist(v = 3),org.jetbrains.kotlin.idea.stubindex.KotlinTopLevelPropertyFqnNameIndex(v = 2),dom.namespaceKey(v = 1),org.jetbrains.kotlin.idea.stubindex.KotlinPropertyShortNameIndex(v = 2),org.jetbrains.kotlin.idea.stubindex.KotlinTopLevelTypeAliasFqNameIndex(v = 2),gr.annot.method.name(v = 5),org.jetbrains.kotlin.idea.stubindex.KotlinTopLevelClassByPackageIndex(v = 2),java.method.parameter.types(v = 3),org.jetbrains.kotlin.idea.stubindex.KotlinFileFacadeShortNameIndex(v = 2)
2026-03-18 22:17:22,614 [   3243]   INFO - #c.i.u.i.IndexDataInitializer - Index data initialization done: 896 ms. Initialized stub indexes: {java.module.name, org.jetbrains.kotlin.idea.stubindex.KotlinOverridableInternalMembersShortNameIndex, org.jetbrains.kotlin.idea.stubindex.KotlinFunctionShortNameIndex, java.field.name, org.jetbrains.kotlin.idea.stubindex.KotlinTypeAliasByExpansionShortNameIndex, java.method.parameter.types, java.class.fqn, org.jetbrains.kotlin.idea.stubindex.KotlinSubclassObjectNameIndex, org.jetbrains.kotlin.idea.stubindex.KotlinTopLevelPropertyFqnNameIndex, dom.elementClass, org.jetbrains.kotlin.idea.stubindex.KotlinFullClassNameIndex, java.anonymous.baseref, properties.index, org.jetbrains.kotlin.idea.stubindex.KotlinTopLevelFunctionByPackageIndex, org.jetbrains.kotlin.idea.stubindex.KotlinFileFacadeFqNameIndex, markdown.header.anchor, java.method.name, org.jetbrains.kotlin.idea.stubindex.KotlinTopLevelPropertyByPackageIndex, kotlin.primeIndexKey, gr.method.name, jvm.static.member.name, gr.script.fqn.s, org.jetbrains.kotlin.idea.stubindex.KotlinTopLevelTypeAliasByPackageIndex, org.jetbrains.kotlin.idea.stubindex.KotlinExactPackagesIndex, gr.field.name, org.jetbrains.kotlin.idea.stubindex.KotlinSuperClassIndex, jvm.static.member.type, java.unnamed.class, org.jetbrains.kotlin.idea.stubindex.KotlinAnnotationsIndex, dom.namespaceKey, org.jetbrains.kotlin.idea.stubindex.KotlinTopLevelFunctionFqnNameIndex, org.jetbrains.kotlin.idea.stubindex.KotlinTopLevelTypeAliasFqNameIndex, org.jetbrains.kotlin.idea.stubindex.KotlinPropertyShortNameIndex, java.annotations, org.jetbrains.kotlin.idea.stubindex.KotlinProbablyNothingPropertyShortNameIndex, org.jetbrains.kotlin.idea.stubindex.KotlinTopLevelExtensionsByReceiverTypeIndex, gr.anonymous.class, org.jetbrains.kotlin.idea.stubindex.KotlinFileFacadeClassByPackageIndex, markdown.header, org.jetbrains.kotlin.idea.stubindex.KotlinProbablyNothingFunctionShortNameIndex, gr.annot.method.name, org.jetbrains.kotlin.idea.stubindex.KotlinTopLevelClassByPackageIndex, java.class.shortname, org.jetbrains.kotlin.idea.stubindex.KotlinFileFacadeShortNameIndex, org.jetbrains.kotlin.idea.stubindex.KotlinMultifileClassPartIndex, java.class.extlist, org.jetbrains.kotlin.idea.stubindex.KotlinInnerTypeAliasClassIdIndex, gr.annot.members, gr.class.super, org.jetbrains.kotlin.idea.stubindex.KotlinExtensionsInObjectsByReceiverTypeIndex, org.jetbrains.kotlin.idea.stubindex.KotlinClassShortNameIndex, org.jetbrains.kotlin.idea.stubindex.KotlinJvmNameAnnotationIndex, org.jetbrains.kotlin.idea.stubindex.KotlinTypeAliasShortNameIndex, org.jetbrains.kotlin.idea.stubindex.KotlinScriptFqnIndex, org.jetbrains.kotlin.idea.stubindex.KotlinFilePartClassIndex, gr.script.class, gr.class.fqn.s, org.jetbrains.kotlin.idea.stubindex.KotlinProbablyContractedFunctionShortNameIndex}.
2026-03-18 22:17:23,807 [   4436]   INFO - #c.i.i.p.n.PluginsGroupComponentWithProgress - Marketplace tab: loading stopped
2026-03-18 22:17:23,845 [   4474]   INFO - #c.i.i.p.PluginManagerConfigurable - Marketplace tab: 'Staff Picks' group load started
2026-03-18 22:17:24,394 [   5023]   INFO - #c.i.i.p.PluginManagerConfigurable - Marketplace tab: 'Staff Picks' group load finished
2026-03-18 22:17:24,394 [   5023]   INFO - #c.i.i.p.PluginManagerConfigurable - Marketplace tab: 'New and Updated' group load started
2026-03-18 22:17:24,816 [   5445]   INFO - #c.i.i.p.PluginManagerConfigurable - Marketplace tab: 'New and Updated' group load finished
2026-03-18 22:17:24,817 [   5446]   INFO - #c.i.i.p.PluginManagerConfigurable - Marketplace tab: 'Top Downloads' group load started
2026-03-18 22:17:25,237 [   5866]   INFO - #c.i.i.p.PluginManagerConfigurable - Marketplace tab: 'Top Downloads' group load finished
2026-03-18 22:17:25,237 [   5866]   INFO - #c.i.i.p.PluginManagerConfigurable - Marketplace tab: 'Top Rated' group load started
2026-03-18 22:17:25,418 [   6047]   WARN - #c.i.s.ComponentManagerImpl - com.intellij.codeInsight.daemon.LineMarkerProviders initializer requests com.intellij.codeInsight.daemon.LineMarkerProviders instance
2026-03-18 22:17:25,605 [   6234]   INFO - #c.i.i.p.PluginManagerConfigurable - Marketplace tab: 'Top Rated' group load finished
2026-03-18 22:17:26,337 [   6966]   INFO - #c.i.o.a.i.NonBlockingReadActionImpl - OTel monitoring for NonBlockingReadAction is enabled
2026-03-18 22:17:27,286 [   7915]   WARN - #c.i.s.ComponentManagerImpl - com.intellij.psi.LanguageSubstitutors initializer requests com.intellij.psi.LanguageSubstitutors instance
2026-03-18 22:17:29,132 [   9761]   INFO - #c.i.r.OsRegistryConfigProvider - Looking for 'lobbyServerUrl' value in [HKLM_64\SOFTWARE\JetBrains\CodeWithMe\lobbyServerUrl, HKLM_32\SOFTWARE\JetBrains\CodeWithMe\lobbyServerUrl, HKCU_64\SOFTWARE\JetBrains\CodeWithMe\lobbyServerUrl, HKCU_32\SOFTWARE\JetBrains\CodeWithMe\lobbyServerUrl]
2026-03-18 22:17:29,163 [   9792]   INFO - #c.i.r.OsRegistryConfigProvider - OS provided value for 'lobbyServerUrl' is not found
2026-03-18 22:17:29,163 [   9792]   INFO - #c.j.r.p.c.u.CodeWithMeSystemSettings - Setting default value='https://code-with-me.jetbrains.com'
2026-03-18 22:17:29,180 [   9809]   INFO - #c.i.r.OsRegistryConfigProvider - Looking for 'lobbyServerUrl' value in [HKLM_64\SOFTWARE\JetBrains\CodeWithMe\lobbyServerUrl, HKLM_32\SOFTWARE\JetBrains\CodeWithMe\lobbyServerUrl, HKCU_64\SOFTWARE\JetBrains\CodeWithMe\lobbyServerUrl, HKCU_32\SOFTWARE\JetBrains\CodeWithMe\lobbyServerUrl]
2026-03-18 22:17:29,180 [   9809]   INFO - #c.i.r.OsRegistryConfigProvider - OS provided value for 'lobbyServerUrl' is not found
2026-03-18 22:17:29,180 [   9809]   INFO - #c.j.r.p.c.u.CodeWithMeSystemSettings - Setting default value='https://code-with-me.jetbrains.com'
2026-03-18 22:17:29,457 [  10086]   WARN - #c.i.s.ComponentManagerImpl - com.intellij.psi.codeStyle.CodeStyleSettingsCustomizable initializer requests com.intellij.util.LocaleSensitiveApplicationCacheService instance
2026-03-18 22:17:31,098 [  11727]   WARN - #c.i.u.j.JBCefApp - JCEF is manually disabled in headless env via 'ide.browser.jcef.headless.enabled=false'
2026-03-18 22:17:31,107 [  11736]   INFO - #org.intellij.plugins.markdown.settings.MarkdownSettings - Migrating Markdown settings
2026-03-18 22:17:32,168 [  12797]   INFO - STDOUT - Found 205 configurables
2026-03-18 22:17:32,241 [  12870]   INFO - #c.i.i.p.n.PluginsGroupComponentWithProgress - Marketplace tab: loading stopped
2026-03-18 22:17:34,035 [  14664]   INFO - STDOUT - Output written to C:\temp\git\intellij-property\build\searchableOptions\textmate.jar\search\textmate.jar.searchableOptions.xml
2026-03-18 22:17:34,047 [  14676]   INFO - STDOUT - Output written to C:\temp\git\intellij-property\build\searchableOptions\markdown.jar\search\markdown.jar.searchableOptions.xml
2026-03-18 22:17:34,049 [  14678]   INFO - STDOUT - Output written to C:\temp\git\intellij-property\build\searchableOptions\IntelliLang.jar\search\IntelliLang.jar.searchableOptions.xml
2026-03-18 22:17:34,051 [  14680]   INFO - STDOUT - Output written to C:\temp\git\intellij-property\build\searchableOptions\eclipse.jar\search\eclipse.jar.searchableOptions.xml
2026-03-18 22:17:34,054 [  14683]   INFO - STDOUT - Output written to C:\temp\git\intellij-property\build\searchableOptions\tasks-core.jar\search\tasks-core.jar.searchableOptions.xml
2026-03-18 22:17:34,056 [  14685]   INFO - STDOUT - Output written to C:\temp\git\intellij-property\build\searchableOptions\sh.jar\search\sh.jar.searchableOptions.xml
2026-03-18 22:17:34,059 [  14688]   INFO - STDOUT - Output written to C:\temp\git\intellij-property\build\searchableOptions\java-coverage.jar\search\java-coverage.jar.searchableOptions.xml
2026-03-18 22:17:34,060 [  14689]   INFO - STDOUT - Output written to C:\temp\git\intellij-property\build\searchableOptions\java-impl.jar!\search\java-impl.jar!.searchableOptions.xml
2026-03-18 22:17:34,063 [  14692]   INFO - STDOUT - Output written to C:\temp\git\intellij-property\build\searchableOptions\javaFX.jar!\search\javaFX.jar!.searchableOptions.xml
2026-03-18 22:17:34,065 [  14694]   INFO - STDOUT - Output written to C:\temp\git\intellij-property\build\searchableOptions\searchEverywhereMl.jar\search\searchEverywhereMl.jar.searchableOptions.xml
2026-03-18 22:17:34,067 [  14696]   INFO - STDOUT - Output written to C:\temp\git\intellij-property\build\searchableOptions\idea-junit.jar!\search\idea-junit.jar!.searchableOptions.xml
2026-03-18 22:17:34,070 [  14699]   INFO - STDOUT - Output written to C:\temp\git\intellij-property\build\searchableOptions\uiDesigner.jar\search\uiDesigner.jar.searchableOptions.xml
2026-03-18 22:17:34,072 [  14701]   INFO - STDOUT - Output written to C:\temp\git\intellij-property\build\searchableOptions\javaFX.jar\search\javaFX.jar.searchableOptions.xml
2026-03-18 22:17:34,074 [  14703]   INFO - STDOUT - Output written to C:\temp\git\intellij-property\build\searchableOptions\dev.jar\search\dev.jar.searchableOptions.xml
2026-03-18 22:17:34,075 [  14704]   INFO - STDOUT - Output written to C:\temp\git\intellij-property\build\searchableOptions\space.jar\search\space.jar.searchableOptions.xml
2026-03-18 22:17:34,077 [  14706]   INFO - STDOUT - Output written to C:\temp\git\intellij-property\build\searchableOptions\cwm-plugin-terminal.jar\search\cwm-plugin-terminal.jar.searchableOptions.xml
2026-03-18 22:17:34,080 [  14709]   INFO - STDOUT - Output written to C:\temp\git\intellij-property\build\searchableOptions\vcs-svn.jar\search\vcs-svn.jar.searchableOptions.xml
2026-03-18 22:17:34,081 [  14710]   INFO - STDOUT - Output written to C:\temp\git\intellij-property\build\searchableOptions\byteCodeViewer.jar\search\byteCodeViewer.jar.searchableOptions.xml
2026-03-18 22:17:34,083 [  14712]   INFO - STDOUT - Output written to C:\temp\git\intellij-property\build\searchableOptions\testng-plugin.jar!\search\testng-plugin.jar!.searchableOptions.xml
2026-03-18 22:17:34,084 [  14713]   INFO - STDOUT - Output written to C:\temp\git\intellij-property\build\searchableOptions\marketplace.jar\search\marketplace.jar.searchableOptions.xml
2026-03-18 22:17:34,087 [  14716]   INFO - STDOUT - Output written to C:\temp\git\intellij-property\build\searchableOptions\maven.jar\search\maven.jar.searchableOptions.xml
2026-03-18 22:17:34,089 [  14718]   INFO - STDOUT - Output written to C:\temp\git\intellij-property\build\searchableOptions\copyright.jar\search\copyright.jar.searchableOptions.xml
2026-03-18 22:17:34,091 [  14720]   INFO - STDOUT - Output written to C:\temp\git\intellij-property\build\searchableOptions\maven.jar!\search\maven.jar!.searchableOptions.xml
2026-03-18 22:17:34,092 [  14721]   INFO - STDOUT - Output written to C:\temp\git\intellij-property\build\searchableOptions\instrumented-PropertyTool-1.0.jar\search\instrumented-PropertyTool-1.0.jar.searchableOptions.xml
2026-03-18 22:17:34,096 [  14725]   INFO - STDOUT - Output written to C:\temp\git\intellij-property\build\searchableOptions\Groovy.jar\search\Groovy.jar.searchableOptions.xml
2026-03-18 22:17:34,097 [  14726]   INFO - STDOUT - Output written to C:\temp\git\intellij-property\build\searchableOptions\terminal.jar\search\terminal.jar.searchableOptions.xml
2026-03-18 22:17:34,099 [  14728]   INFO - STDOUT - Output written to C:\temp\git\intellij-property\build\searchableOptions\gradle-java.jar\search\gradle-java.jar.searchableOptions.xml
2026-03-18 22:17:34,100 [  14729]   INFO - STDOUT - Output written to C:\temp\git\intellij-property\build\searchableOptions\performanceTesting-async.jar\search\performanceTesting-async.jar.searchableOptions.xml
2026-03-18 22:17:34,101 [  14730]   INFO - STDOUT - Output written to C:\temp\git\intellij-property\build\searchableOptions\properties.jar\search\properties.jar.searchableOptions.xml
2026-03-18 22:17:34,108 [  14737]   INFO - STDOUT - Output written to C:\temp\git\intellij-property\build\searchableOptions\java-impl.jar\search\java-impl.jar.searchableOptions.xml
2026-03-18 22:17:34,126 [  14755]   INFO - STDOUT - Output written to C:\temp\git\intellij-property\build\searchableOptions\app-client.jar\search\app-client.jar.searchableOptions.xml
2026-03-18 22:17:34,128 [  14757]   INFO - STDOUT - Output written to C:\temp\git\intellij-property\build\searchableOptions\html-tools.jar\search\html-tools.jar.searchableOptions.xml
2026-03-18 22:17:34,130 [  14759]   INFO - STDOUT - Output written to C:\temp\git\intellij-property\build\searchableOptions\vcs-perforce.jar\search\vcs-perforce.jar.searchableOptions.xml
2026-03-18 22:17:34,131 [  14760]   INFO - STDOUT - Output written to C:\temp\git\intellij-property\build\searchableOptions\java-debugger-streams.jar\search\java-debugger-streams.jar.searchableOptions.xml
2026-03-18 22:17:34,133 [  14762]   INFO - STDOUT - Output written to C:\temp\git\intellij-property\build\searchableOptions\gradle.jar\search\gradle.jar.searchableOptions.xml
2026-03-18 22:17:34,135 [  14764]   INFO - STDOUT - Output written to C:\temp\git\intellij-property\build\searchableOptions\testng-plugin.jar\search\testng-plugin.jar.searchableOptions.xml
2026-03-18 22:17:34,136 [  14765]   INFO - STDOUT - Output written to C:\temp\git\intellij-property\build\searchableOptions\grazie.jar\search\grazie.jar.searchableOptions.xml
2026-03-18 22:17:34,137 [  14766]   INFO - STDOUT - Output written to C:\temp\git\intellij-property\build\searchableOptions\qodana.jar\search\qodana.jar.searchableOptions.xml
2026-03-18 22:17:34,141 [  14770]   INFO - STDOUT - Output written to C:\temp\git\intellij-property\build\searchableOptions\app.jar\search\app.jar.searchableOptions.xml
2026-03-18 22:17:34,143 [  14772]   INFO - STDOUT - Output written to C:\temp\git\intellij-property\build\searchableOptions\completionMlRanking.jar\search\completionMlRanking.jar.searchableOptions.xml
2026-03-18 22:17:34,145 [  14774]   INFO - STDOUT - Output written to C:\temp\git\intellij-property\build\searchableOptions\java-decompiler.jar\search\java-decompiler.jar.searchableOptions.xml
2026-03-18 22:17:34,147 [  14776]   INFO - STDOUT - Output written to C:\temp\git\intellij-property\build\searchableOptions\vcs-hg.jar\search\vcs-hg.jar.searchableOptions.xml
2026-03-18 22:17:34,149 [  14778]   INFO - STDOUT - Output written to C:\temp\git\intellij-property\build\searchableOptions\performanceTesting.jar\search\performanceTesting.jar.searchableOptions.xml
2026-03-18 22:17:34,150 [  14779]   INFO - STDOUT - Output written to C:\temp\git\intellij-property\build\searchableOptions\vcs-gitlab.jar\search\vcs-gitlab.jar.searchableOptions.xml
2026-03-18 22:17:34,152 [  14781]   INFO - STDOUT - Output written to C:\temp\git\intellij-property\build\searchableOptions\cwm-common.jar\search\cwm-common.jar.searchableOptions.xml
2026-03-18 22:17:34,153 [  14782]   INFO - STDOUT - Output written to C:\temp\git\intellij-property\build\searchableOptions\java-i18n.jar\search\java-i18n.jar.searchableOptions.xml
2026-03-18 22:17:34,155 [  14784]   INFO - STDOUT - Output written to C:\temp\git\intellij-property\build\searchableOptions\Groovy.jar!\search\Groovy.jar!.searchableOptions.xml
2026-03-18 22:17:34,156 [  14785]   INFO - STDOUT - Output written to C:\temp\git\intellij-property\build\searchableOptions\emojipicker.jar\search\emojipicker.jar.searchableOptions.xml
2026-03-18 22:17:34,157 [  14786]   INFO - STDOUT - Output written to C:\temp\git\intellij-property\build\searchableOptions\toml.jar\search\toml.jar.searchableOptions.xml
2026-03-18 22:17:34,159 [  14788]   INFO - STDOUT - Output written to C:\temp\git\intellij-property\build\searchableOptions\platform-ijent-impl.jar\search\platform-ijent-impl.jar.searchableOptions.xml
2026-03-18 22:17:34,164 [  14793]   INFO - STDOUT - Output written to C:\temp\git\intellij-property\build\searchableOptions\idea-junit.jar\search\idea-junit.jar.searchableOptions.xml
2026-03-18 22:17:34,168 [  14797]   INFO - STDOUT - Output written to C:\temp\git\intellij-property\build\searchableOptions\yaml.jar\search\yaml.jar.searchableOptions.xml
2026-03-18 22:17:34,173 [  14802]   INFO - STDOUT - Output written to C:\temp\git\intellij-property\build\searchableOptions\packageChecker.jar\search\packageChecker.jar.searchableOptions.xml
2026-03-18 22:17:34,176 [  14805]   INFO - STDOUT - Output written to C:\temp\git\intellij-property\build\searchableOptions\platform-tracing-ide.jar\search\platform-tracing-ide.jar.searchableOptions.xml
2026-03-18 22:17:34,178 [  14807]   INFO - STDOUT - Output written to C:\temp\git\intellij-property\build\searchableOptions\editorconfig.jar\search\editorconfig.jar.searchableOptions.xml
2026-03-18 22:17:34,180 [  14809]   INFO - STDOUT - Output written to C:\temp\git\intellij-property\build\searchableOptions\vcs-github.jar\search\vcs-github.jar.searchableOptions.xml
2026-03-18 22:17:34,181 [  14810]   INFO - STDOUT - Output written to C:\temp\git\intellij-property\build\searchableOptions\platform-langInjection.jar\search\platform-langInjection.jar.searchableOptions.xml
2026-03-18 22:17:34,182 [  14811]   INFO - STDOUT - Output written to C:\temp\git\intellij-property\build\searchableOptions\platform-images.jar\search\platform-images.jar.searchableOptions.xml
2026-03-18 22:17:34,184 [  14813]   INFO - STDOUT - Output written to C:\temp\git\intellij-property\build\searchableOptions\vcs-git.jar\search\vcs-git.jar.searchableOptions.xml
2026-03-18 22:17:34,187 [  14816]   INFO - STDOUT - Output written to C:\temp\git\intellij-property\build\searchableOptions\kotlin-plugin.jar\search\kotlin-plugin.jar.searchableOptions.xml
2026-03-18 22:17:34,188 [  14817]   INFO - STDOUT - Output written to C:\temp\git\intellij-property\build\searchableOptions\modules.jar\search\modules.jar.searchableOptions.xml
2026-03-18 22:17:34,190 [  14819]   INFO - STDOUT - Output written to C:\temp\git\intellij-property\build\searchableOptions\indexing-shared.jar\search\indexing-shared.jar.searchableOptions.xml
2026-03-18 22:17:34,193 [  14822]   INFO - STDOUT - Output written to C:\temp\git\intellij-property\build\searchableOptions\featuresTrainer.jar\search\featuresTrainer.jar.searchableOptions.xml
2026-03-18 22:17:34,194 [  14823]   INFO - STDOUT - Output written to C:\temp\git\intellij-property\build\searchableOptions\kotlin-plugin.jar!\search\kotlin-plugin.jar!.searchableOptions.xml
2026-03-18 22:17:34,195 [  14824]   INFO - STDOUT - Output written to C:\temp\git\intellij-property\build\searchableOptions\cwm-host.jar\search\cwm-host.jar.searchableOptions.xml
2026-03-18 22:17:34,196 [  14825]   INFO - STDOUT - Output written to C:\temp\git\intellij-property\build\searchableOptions\gradle-java-maven.jar\search\gradle-java-maven.jar.searchableOptions.xml
2026-03-18 22:17:34,198 [  14827]   INFO - STDOUT - Output written to C:\temp\git\intellij-property\build\searchableOptions\settingsSync.jar\search\settingsSync.jar.searchableOptions.xml
2026-03-18 22:17:34,198 [  14827]   INFO - STDOUT - Searchable options index builder completed
2026-03-18 22:17:34,199 [  14828]   INFO - #c.i.u.i.FileBasedIndexImpl - Index dispose started
2026-03-18 22:17:34,249 [  14878]   INFO - #c.i.p.s.StubIndexImpl - StubIndexExtension-s were unloaded
2026-03-18 22:17:34,249 [  14878]   INFO - #c.i.p.s.SerializationManagerImpl - Start shutting down C:\temp\git\intellij-property\build\idea-sandbox\system\index\rep.names
2026-03-18 22:17:34,249 [  14878]   INFO - #c.i.p.s.SerializationManagerImpl - Finished shutting down C:\temp\git\intellij-property\build\idea-sandbox\system\index\rep.names
2026-03-18 22:17:34,250 [  14879]   INFO - #c.i.u.i.FileBasedIndexImpl - Index dispose completed in 51ms.
2026-03-18 22:17:34,255 [  14884]   INFO - #c.i.o.v.n.p.PersistentFSImpl - VFS dispose started
2026-03-18 22:17:34,260 [  14889]   INFO - #c.i.o.v.n.p.PersistentFSImpl - VFS dispose completed in 5ms.
2026-03-18 22:17:34,279 [  14908]   INFO - #c.i.p.i.b.AppStarter - ------------------------------------------------------ IDE SHUTDOWN ------------------------------------------------------
